{"C:\\Users\\singh\\Desktop\\projects\\Jest basics\\js\\Sum.js": {"path":"C:\\Users\\singh\\Desktop\\projects\\Jest basics\\js\\Sum.js","statementMap":{"0":{"start":{"line":1,"column":10},"end":{"line":7,"column":1}},"1":{"start":{"line":2,"column":4},"end":{"line":2,"column":15}},"2":{"start":{"line":8,"column":0},"end":{"line":8,"column":19}}},"fnMap":{"0":{"name":"(anonymous_0)","decl":{"start":{"line":1,"column":10},"end":{"line":1,"column":11}},"loc":{"start":{"line":1,"column":17},"end":{"line":7,"column":1}},"line":1}},"branchMap":{},"s":{"0":1,"1":1,"2":1},"f":{"0":1},"b":{},"_coverageSchema":"1a1c01bbd47fc00a2c39e90264f33305004495a9","hash":"51c8a16dc5bed4df44c93074f596c87d689c2d91"}
}
